<?xml version="1.0" encoding="UTF-8"?>
<!-- Generated by org.testng.reporters.JUnitReportReporter -->
<testsuite hostname="DESKTOP-FH1D8S3" failures="0" tests="1" name="testCases.LoginPageTestCase" time="7.202" errors="0" timestamp="2023-05-17T07:17:58 IST" skipped="0">
  <testcase classname="testCases.LoginPageTestCase" name="tc002_validate_login_Flow" time="7.202"/>
  <system-out/>
</testsuite> <!-- testCases.LoginPageTestCase -->
