<?xml version="1.0" encoding="UTF-8"?>
<!-- Generated by org.testng.reporters.JUnitReportReporter -->
<testsuite hostname="DESKTOP-FH1D8S3" failures="0" tests="1" name="testCases.LocationTestCase" time="10.730" errors="0" timestamp="2023-05-18T06:54:09 IST" skipped="0">
  <testcase classname="testCases.LocationTestCase" name="tc001_validate_location" time="10.730"/>
  <system-out/>
</testsuite> <!-- testCases.LocationTestCase -->
