<?xml version="1.0" encoding="UTF-8"?>
<!-- Generated by org.testng.reporters.JUnitReportReporter -->
<testsuite hostname="DESKTOP-FH1D8S3" failures="0" tests="1" name="testCases.SignUpPageTestCase" time="7.457" errors="0" timestamp="2023-05-17T06:51:19 IST" skipped="0">
  <testcase classname="testCases.SignUpPageTestCase" name="tc002_validate_signup_Flow_Invalidaddress" time="7.457"/>
  <system-out/>
</testsuite> <!-- testCases.SignUpPageTestCase -->
