<?xml version="1.0" encoding="UTF-8"?>
<!-- Generated by org.testng.reporters.JUnitReportReporter -->
<testsuite hostname="DESKTOP-FH1D8S3" failures="0" tests="1" name="testCases.LocationTestCase" time="11.305" errors="0" timestamp="2023-05-18T07:05:25 IST" skipped="0">
  <testcase classname="testCases.LocationTestCase" name="tc001_validate_location" time="11.305"/>
  <system-out/>
</testsuite> <!-- testCases.LocationTestCase -->
